<?xml version="1.0" encoding="UTF-8"?>
<!-- Generated by org.testng.reporters.JUnitReportReporter -->
<testsuite skipped="0" hostname="Admin-PC" name="TestNgProject.DeleteLead" tests="1" failures="0" timestamp="01 Jun 2019 07:06:43 GMT" time="110.651" errors="0">
  <testcase name="deleteLead" time="110.651" classname="TestNgProject.DeleteLead"/>
</testsuite> <!-- TestNgProject.DeleteLead -->
