<?xml version="1.0" encoding="UTF-8"?>
<!-- Generated by org.testng.reporters.JUnitReportReporter -->
<testsuite skipped="0" hostname="Admin-PC" name="TestNgProject.CreateLead" tests="2" failures="0" timestamp="08 Jun 2019 03:35:22 GMT" time="48.519" errors="0">
  <testcase name="createLead" time="22.908" classname="TestNgProject.CreateLead"/>
  <testcase name="createLead" time="25.611" classname="TestNgProject.CreateLead"/>
</testsuite> <!-- TestNgProject.CreateLead -->
