<?xml version="1.0" encoding="UTF-8"?>
<!-- Generated by org.testng.reporters.JUnitReportReporter -->
<testsuite skipped="0" hostname="Admin-PC" name="TestNgDemo.CreateLead" tests="2" failures="0" timestamp="07 Jun 2019 02:55:36 GMT" time="37.193" errors="0">
  <testcase name="createLead" time="18.617" classname="TestNgDemo.CreateLead"/>
  <testcase name="createLead" time="18.576" classname="TestNgDemo.CreateLead"/>
</testsuite> <!-- TestNgDemo.CreateLead -->
