<?xml version="1.0" encoding="UTF-8"?>
<!-- Generated by org.testng.reporters.JUnitReportReporter -->
<testsuite skipped="0" hostname="Admin-PC" name="TestNgProject.CreateLead" tests="2" failures="0" timestamp="07 Jun 2019 03:45:17 GMT" time="34.741" errors="0">
  <testcase name="createLead" time="16.368" classname="TestNgProject.CreateLead"/>
  <testcase name="createLead" time="18.373" classname="TestNgProject.CreateLead"/>
</testsuite> <!-- TestNgProject.CreateLead -->
