<?xml version="1.0" encoding="UTF-8"?>
<!-- Generated by org.testng.reporters.JUnitReportReporter -->
<testsuite skipped="0" hostname="Admin-PC" name="TestNgProject.CreateLead" tests="2" failures="0" timestamp="04 Jun 2019 04:07:20 GMT" time="38.067" errors="0">
  <testcase name="createLead" time="20.186" classname="TestNgProject.CreateLead"/>
  <testcase name="createLead" time="17.881" classname="TestNgProject.CreateLead"/>
</testsuite> <!-- TestNgProject.CreateLead -->
