<?xml version="1.0" encoding="UTF-8"?>
<!-- Generated by org.testng.reporters.JUnitReportReporter -->
<testsuite skipped="0" hostname="Admin-PC" name="TestNgProject.DeleteLead" tests="1" failures="0" timestamp="04 Jun 2019 04:07:20 GMT" time="24.455" errors="0">
  <testcase name="deleteLead" time="24.455" classname="TestNgProject.DeleteLead"/>
</testsuite> <!-- TestNgProject.DeleteLead -->
