<?xml version="1.0" encoding="UTF-8"?>
<!-- Generated by org.testng.reporters.JUnitReportReporter -->
<testsuite skipped="0" hostname="Admin-PC" name="TestNgProject.EditLead" tests="1" failures="0" timestamp="07 Jun 2019 03:45:17 GMT" time="21.400" errors="0">
  <testcase name="editLead" time="21.400" classname="TestNgProject.EditLead"/>
</testsuite> <!-- TestNgProject.EditLead -->
