<?xml version="1.0" encoding="UTF-8"?>
<!-- Generated by org.testng.reporters.JUnitReportReporter -->
<testsuite skipped="0" hostname="Admin-PC" name="TestNgProject.Dulicatelead" tests="1" failures="0" timestamp="07 Jun 2019 03:45:17 GMT" time="22.547" errors="0">
  <testcase name="duplicateLead" time="22.547" classname="TestNgProject.Dulicatelead"/>
</testsuite> <!-- TestNgProject.Dulicatelead -->
