<?xml version="1.0" encoding="UTF-8"?>
<!-- Generated by org.testng.reporters.JUnitReportReporter -->
<testsuite skipped="1" hostname="Admin-PC" name="TestNgProject.EditLead" tests="2" failures="0" timestamp="06 Jun 2019 04:06:36 GMT" time="9.889" errors="0">
  <testcase name="editLead" time="9.886" classname="TestNgProject.EditLead">
    <skipped/>
  </testcase> <!-- editLead -->
  <testcase name="setData" time="0.003" classname="TestNgProject.EditLead"/>
</testsuite> <!-- TestNgProject.EditLead -->
