<?xml version="1.0" encoding="UTF-8"?>
<!-- Generated by org.testng.reporters.JUnitReportReporter -->
<testsuite skipped="0" hostname="Admin-PC" name="TestNgProject.Dulicatelead" tests="1" failures="0" timestamp="02 Jun 2019 03:12:15 GMT" time="28.463" errors="0">
  <testcase name="duplicateLead" time="28.463" classname="TestNgProject.Dulicatelead"/>
</testsuite> <!-- TestNgProject.Dulicatelead -->
