<?xml version="1.0" encoding="UTF-8"?>
<!-- Generated by org.testng.reporters.JUnitReportReporter -->
<testsuite skipped="0" hostname="Admin-PC" name="runner.RunTest" tests="2" failures="0" timestamp="08 Jun 2019 08:13:33 GMT" time="28.308" errors="0">
  <testcase name="runScenario" time="13.412" classname="runner.RunTest"/>
  <testcase name="runScenario" time="14.896" classname="runner.RunTest"/>
</testsuite> <!-- runner.RunTest -->
