<?xml version="1.0" encoding="UTF-8"?>
<!-- Generated by org.testng.reporters.JUnitReportReporter -->
<testsuite skipped="1" hostname="Admin-PC" name="TestNgDemo.EditLead" tests="1" failures="0" timestamp="07 Jun 2019 04:41:34 GMT" time="0.000" errors="0">
  <testcase name="editLead" time="0.000" classname="TestNgDemo.EditLead">
    <skipped/>
  </testcase> <!-- editLead -->
</testsuite> <!-- TestNgDemo.EditLead -->
