<?xml version="1.0" encoding="UTF-8"?>
<!-- Generated by org.testng.reporters.JUnitReportReporter -->
<testsuite skipped="0" hostname="Admin-PC" name="TestNgProject.DeleteLead" tests="1" failures="0" timestamp="02 Jun 2019 03:12:15 GMT" time="35.341" errors="0">
  <testcase name="deleteLead" time="35.341" classname="TestNgProject.DeleteLead"/>
</testsuite> <!-- TestNgProject.DeleteLead -->
