<?xml version="1.0" encoding="UTF-8"?>
<!-- Generated by org.testng.reporters.JUnitReportReporter -->
<testsuite skipped="0" hostname="Admin-PC" name="TestNgProject.Dulicatelead" tests="1" failures="0" timestamp="04 Jun 2019 04:07:20 GMT" time="22.615" errors="0">
  <testcase name="duplicateLead" time="22.615" classname="TestNgProject.Dulicatelead"/>
</testsuite> <!-- TestNgProject.Dulicatelead -->
