<?xml version="1.0" encoding="UTF-8"?>
<!-- Generated by org.testng.reporters.JUnitReportReporter -->
<testsuite skipped="0" hostname="Admin-PC" name="runner.RunTest" tests="1" failures="0" timestamp="13 Jun 2019 03:59:24 GMT" time="21.701" errors="0">
  <testcase name="runScenario" time="21.701" classname="runner.RunTest"/>
</testsuite> <!-- runner.RunTest -->
