<?xml version="1.0" encoding="UTF-8"?>
<!-- Generated by org.testng.reporters.JUnitReportReporter -->
<testsuite skipped="0" hostname="Admin-PC" name="TestNgProject.EditLead" tests="1" failures="0" timestamp="08 Jun 2019 03:35:22 GMT" time="22.586" errors="0">
  <testcase name="editLead" time="22.586" classname="TestNgProject.EditLead"/>
</testsuite> <!-- TestNgProject.EditLead -->
