<?xml version="1.0" encoding="UTF-8"?>
<!-- Generated by org.testng.reporters.JUnitReportReporter -->
<testsuite skipped="0" hostname="Admin-PC" name="runner.EditRunTest" tests="2" failures="0" timestamp="14 Jun 2019 04:34:52 GMT" time="51.562" errors="0">
  <testcase name="runScenario" time="28.726" classname="runner.EditRunTest"/>
  <testcase name="runScenario" time="22.836" classname="runner.EditRunTest"/>
</testsuite> <!-- runner.EditRunTest -->
